<?xml version="1.0" encoding="UTF-8"?>
<testng-results skipped="0" failed="0" ignored="0" total="0" passed="0">
  <reporter-output>
  </reporter-output>
  <suite name="TestLogin" duration-ms="6" started-at="2022-06-20T09:57:12 EEST" finished-at="2022-06-20T09:57:12 EEST">
    <groups>
    </groups>
    <test name="Command line test" duration-ms="6" started-at="2022-06-20T09:57:12 EEST" finished-at="2022-06-20T09:57:12 EEST">
    </test> <!-- Command line test -->
  </suite> <!-- TestLogin -->
</testng-results>
